<testsuite name="Mocha Tests" tests="13" failures="0" errors="0" skipped="0" timestamp="Thu, 23 Feb 2017 14:27:57 GMT" time="0.685">
<testcase classname="FeaturesViewerTest DataLoader" name="should process the data" time="0.001"/>
<testcase classname="FeaturesViewerTest DataLoader" name="should process variants" time="0.009"/>
<testcase classname="FeaturesViewerTest DataLoader" name="should process proteomics" time="0.002"/>
<testcase classname="FeaturesViewerTest DataLoader" name="should calculate track overlaps" time="0"/>
<testcase classname="FeaturesViewerTest DataLoader" name="should return feature height" time="0"/>
<testcase classname="FeaturesViewerTest DataLoader" name="should return right number of rows" time="0"/>
<testcase classname="FeaturesViewerTest Add external sources" name="should add a new source" time="0"/>
<testcase classname="FeaturesViewerTest Add external sources" name="should add new categories and modify existing ones" time="0.001"/>
<testcase classname="FeaturesViewerTest Add external sources" name="should get non-existing category info" time="0"/>
<testcase classname="FeaturesViewerTest Add external sources" name="should get existing category info" time="0"/>
<testcase classname="FeaturesViewerTest Add external sources" name="should add new tracks and modify existing ones" time="0"/>
<testcase classname="FeaturesViewerTest Add external sources" name="should get existing track info" time="0.001"/>
<testcase classname="FeaturesViewerTest Add external sources" name="should get non-existing track info" time="0"/>
</testsuite>
